<?xml version="1.0" encoding="UTF-8"?>
<!-- Generated by org.testng.reporters.JUnitXMLReporter -->
<testsuite ignored="0" hostname="LAPTOP-VP7T7GP6" failures="0" tests="4" name="Command line test" time="0.068" errors="0" timestamp="2021-08-14T21:12:58 IST">
  <testcase classname="Testcases.Testcase1" name="method1" time="0.006"/>
  <testcase classname="Testcases.Testcase1" name="method2" time="0.0"/>
  <testcase classname="Testcases.Testcase2" name="method3" time="0.0"/>
  <testcase classname="Testcases.Testcase2" name="method4" time="0.001"/>
</testsuite> <!-- Command line test -->
