<?xml version="1.0" encoding="UTF-8"?>
<testng-results ignored="0" total="4" passed="4" failed="0" skipped="0">
  <reporter-output>
  </reporter-output>
  <suite started-at="2021-08-14T21:12:58 IST" name="Command line suite" finished-at="2021-08-14T21:12:58 IST" duration-ms="68">
    <groups>
    </groups>
    <test started-at="2021-08-14T21:12:58 IST" name="Command line test" finished-at="2021-08-14T21:12:58 IST" duration-ms="68">
      <class name="Testcases.Testcase1">
        <test-method signature="method1()[pri:0, instance:Testcases.Testcase1@74fe5c40]" started-at="2021-08-14T21:12:58 IST" name="method1" finished-at="2021-08-14T21:12:58 IST" duration-ms="6" status="PASS">
          <reporter-output>
          </reporter-output>
        </test-method> <!-- method1 -->
        <test-method signature="method2()[pri:0, instance:Testcases.Testcase1@74fe5c40]" started-at="2021-08-14T21:12:58 IST" name="method2" finished-at="2021-08-14T21:12:58 IST" duration-ms="0" status="PASS">
          <reporter-output>
          </reporter-output>
        </test-method> <!-- method2 -->
      </class> <!-- Testcases.Testcase1 -->
      <class name="Testcases.Testcase2">
        <test-method signature="method3()[pri:0, instance:Testcases.Testcase2@2f9f7dcf]" started-at="2021-08-14T21:12:58 IST" name="method3" finished-at="2021-08-14T21:12:58 IST" duration-ms="0" status="PASS">
          <reporter-output>
          </reporter-output>
        </test-method> <!-- method3 -->
        <test-method signature="method4()[pri:0, instance:Testcases.Testcase2@2f9f7dcf]" started-at="2021-08-14T21:12:58 IST" name="method4" finished-at="2021-08-14T21:12:58 IST" duration-ms="1" status="PASS">
          <reporter-output>
          </reporter-output>
        </test-method> <!-- method4 -->
      </class> <!-- Testcases.Testcase2 -->
    </test> <!-- Command line test -->
  </suite> <!-- Command line suite -->
</testng-results>
